ant_quantity_shortest_distance_oliver30 is 426.54384791848247
ant_density_shortest_distance_oliver30 is 429.04361898917375
ant_cycle_shortest_distance_oliver30 is 429.7853437786323
ant_constant_shortest_distance_oliver30 is 427.8971401449669
ant_quantity_shortest_distance_dantzig42 is 724.8648891794626
ant_density_shortest_distance_dantzig42 is 746.8537551949374
ant_cycle_shortest_distance_dantzig42 is 725.4681922297717
ant_constant_shortest_distance_dantzig42 is 700.1917513576678
ant_quantity_shortest_distance_eil51 is 447.5106208820508
ant_density_shortest_distance_eil51 is 450.6204201862203
ant_cycle_shortest_distance_eil51 is 447.51062088205083
ant_constant_shortest_distance_eil51 is 442.2300462364076
ant_quantity_shortest_distance_berlin52 is 7663.585128495864
ant_density_shortest_distance_berlin52 is 7675.485252327137
ant_cycle_shortest_distance_berlin52 is 7681.45365625258
ant_constant_shortest_distance_berlin52 is 7677.6608443111645
ant_quantity_shortest_distance_st70 is 714.9987840921864
ant_density_shortest_distance_st70 is 718.5465839023083
ant_cycle_shortest_distance_st70 is 714.9987840921864
ant_constant_shortest_distance_st70 is 704.4556593817309
ant_quantity_shortest_distance_pr107 is 45852.64767850892
ant_density_shortest_distance_pr107 is 46288.867562950945
ant_cycle_shortest_distance_pr107 is 46329.97444489254
ant_constant_shortest_distance_pr107 is 47122.526633195026
ant_quantity_shortest_distance_tsp225 is 4322.178079182691
ant_density_shortest_distance_tsp225 is 4392.9132105134995
ant_cycle_shortest_distance_tsp225 is 4364.996050456116
ant_constant_shortest_distance_tsp225 is 4453.702266125245
